This is pdfTeX, Version 3.1415926-1.40.10 (MiKTeX 2.8) (preloaded format=pdflatex 2010.8.22)  15 DEC 2010 12:28
entering extended mode
**H:/CScience/Double-linked*list/doc/latex/annotated.tex
("H:/CScience/Double-linked list/doc/latex/annotated.tex"
LaTeX2e <2005/12/01>
Babel <v3.8l> and hyphenation patterns for english, dumylang, nohyphenation, ge
rman, ngerman, german-x-2009-06-19, ngerman-x-2009-06-19, french, russian, load
ed.
! Undefined control sequence.
l.1 \section
            {Классы}
? 
! Emergency stop.
l.1 \section
            {Классы}
End of file on the terminal!

 
Here is how much of TeX's memory you used:
 7 strings out of 495059
 220 string characters out of 3177538
 47627 words of memory out of 3000000
 3326 multiletter control sequences out of 15000+200000
 3640 words of font info for 14 fonts, out of 3000000 for 9000
 198 hyphenation exceptions out of 8191
 5i,0n,1p,80b,8s stack positions out of 5000i,500n,10000p,200000b,50000s
!  ==> Fatal error occurred, no output PDF file produced!
